
Podsumowanie wydajności projektu:
       33 ms  C:\Users\Michin\Desktop\projektJA\JaProj\JaProjCppDll\JaProjCppDll.vcxproj — wywołań:   1
                 33 ms  Clean                                    — wywołań:   1

Podsumowanie wydajności elementu docelowego:
        0 ms  _CheckForInvalidConfigurationAndPlatform — wywołań:   1
        0 ms  AfterCppClean                            — wywołań:   1
        0 ms  BeforeCppClean                           — wywołań:   1
        0 ms  AfterClean                               — wywołań:   1
        0 ms  CleanReferencedProjects                  — wywołań:   1
        0 ms  CppClean                                 — wywołań:   1
        0 ms  PrepareProjectReferences                 — wywołań:   1
        0 ms  _SplitProjectReferencesByFileExistence   — wywołań:   1
        0 ms  AssignProjectConfiguration               — wywołań:   1
        0 ms  BeforeClean                              — wywołań:   1
        0 ms  _AddOutputPathToGlobalPropertiesToRemove — wywołań:   1
        0 ms  Clean                                    — wywołań:   1
        1 ms  _GetProjectReferenceTargetFrameworkProperties — wywołań:   1
        1 ms  _PrepareForClean                         — wywołań:   1
        1 ms  PGInstrumentedClean                      — wywołań:   1
        1 ms  CleanPublishFolder                       — wywołań:   1
        3 ms  CoreClean                                — wywołań:   1
       25 ms  CoreCppClean                             — wywołań:   1

Podsumowanie wydajności zadania:
        0 ms  Message                                  — wywołań:   2
        0 ms  FindUnderPath                            — wywołań:   2
        0 ms  RemoveDuplicates                         — wywołań:   1
        0 ms  MakeDir                                  — wywołań:   2
        0 ms  AssignProjectConfiguration               — wywołań:   1
        1 ms  MSBuild                                  — wywołań:   1
        1 ms  Delete                                   — wywołań:   4
        2 ms  ReadLinesFromFile                        — wywołań:   1
        3 ms  WriteLinesToFile                         — wywołań:   2
       22 ms  CppClean                                 — wywołań:   1
