  Assembling AsmDll.asm...
     Trwa tworzenie biblioteki C:\Users\Michin\Desktop\projektJA\JaProj\x64\Debug\AsmDll.lib i obiektu C:\Users\Michin\Desktop\projektJA\JaProj\x64\Debug\AsmDll.exp
  AsmDll.vcxproj -> C:\Users\Michin\Desktop\projektJA\JaProj\x64\Debug\AsmDll.dll

Podsumowanie wydajności projektu:
     1137 ms  C:\Users\Michin\Desktop\projektJA\JaProj\AsmDll\AsmDll.vcxproj — wywołań:   1
               1137 ms  Rebuild                                  — wywołań:   1

Podsumowanie wydajności elementu docelowego:
        0 ms  _CheckForInvalidConfigurationAndPlatform — wywołań:   1
        0 ms  ComputeLinkSwitches                      — wywołań:   1
        0 ms  PreLinkEvent                             — wywołań:   1
        0 ms  DoLinkOutputFilesMatch                   — wywołań:   1
        0 ms  PrepareResourceNames                     — wywołań:   1
        0 ms  CreateCustomManifestResourceNames        — wywołań:   1
        0 ms  SplitResourcesByCulture                  — wywołań:   1
        0 ms  AssignTargetPaths                        — wywołań:   1
        0 ms  ComputeManifestInputsTargets             — wywołań:   1
        0 ms  ComputeMASMOutput                        — wywołań:   1
        0 ms  ComputeLinkInputsFromProject             — wywołań:   1
        0 ms  ComputeCLGeneratedLinkInputs             — wywołań:   1
        0 ms  ComputeManifestGeneratedLinkerInputs     — wywołań:   1
        0 ms  ComputeRCGeneratedLinkInputs             — wywołań:   1
        0 ms  ComputeRCOutputs                         — wywołań:   1
        0 ms  BeforeLink                               — wywołań:   1
        0 ms  ComputeLegacyManifestEmbedding           — wywołań:   1
        0 ms  BuildLinkTraverse                        — wywołań:   1
        0 ms  BuildCompile                             — wywołań:   1
        0 ms  _BuildCompileAction                      — wywołań:   1
        0 ms  AfterBuildCompileEvent                   — wywołań:   1
        0 ms  _ResourceCompile                         — wywołań:   1
        0 ms  AfterResourceCompile                     — wywołań:   1
        0 ms  BeforeResourceCompile                    — wywołań:   1
        0 ms  AfterRebuild                             — wywołań:   1
        0 ms  AfterClCompile                           — wywołań:   1
        0 ms  MakeDirsForCl                            — wywołań:   1
        0 ms  WarnCompileDuplicatedFilename            — wywołań:   1
        0 ms  AfterLink                                — wywołań:   1
        0 ms  ComputeReferenceCLInput                  — wywołań:   1
        0 ms  _Link                                    — wywołań:   1
        0 ms  _Manifest                                — wywołań:   1
        0 ms  Build                                    — wywołań:   1
        0 ms  IncrementalClean                         — wywołań:   1
        0 ms  AfterBuild                               — wywołań:   1
        0 ms  BuildLink                                — wywołań:   1
        0 ms  _BuildLinkAction                         — wywołań:   1
        0 ms  PostBuildEvent                           — wywołań:   1
        0 ms  PrepareForRun                            — wywołań:   1
        0 ms  CopyFilesToOutputDirectory               — wywołań:   1
        0 ms  _CheckForCompileOutputs                  — wywołań:   1
        0 ms  _CopySourceItemsToOutputDirectory        — wywołań:   1
        0 ms  _GetCopyToOutputDirectoryItemsFromThisProject — wywołań:   1
        0 ms  _GetCopyToOutputDirectoryItemsFromTransitiveProjectReferences — wywołań:   1
        0 ms  GetCopyToOutputDirectoryXamlAppDefs      — wywołań:   1
        0 ms  _PopulateCommonStateForGetCopyToOutputDirectoryItems — wywołań:   1
        0 ms  _Deploy                                  — wywołań:   1
        0 ms  _Appverifier                             — wywołań:   1
        0 ms  CreateSatelliteAssemblies                — wywołań:   1
        0 ms  _GenerateSatelliteAssemblyInputs         — wywołań:   1
        0 ms  MakeDirsForFxc                           — wywołań:   1
        0 ms  BuiltProjectOutputGroup                  — wywołań:   1
        0 ms  _BscMake                                 — wywołań:   1
        0 ms  MakeDirsForBscMake                       — wywołań:   1
        0 ms  ComputeCLCompileGeneratedSbrFiles        — wywołań:   1
        0 ms  _XdcMake                                 — wywołań:   1
        0 ms  MakeDirsForXdcMake                       — wywołań:   1
        0 ms  ComputeCLCompileGeneratedXDCFiles        — wywołań:   1
        0 ms  ResolvedXDCMake                          — wywołań:   1
        0 ms  _ALink                                   — wywołań:   1
        0 ms  GetReferencedVCProjectsInfo              — wywołań:   1
        0 ms  _ClCompile                               — wywołań:   1
        0 ms  ComputeCLInputPDBName                    — wywołań:   1
        0 ms  GetResolvedWinMD                         — wywołań:   1
        0 ms  FindReferenceAssembliesForReferences     — wywołań:   1
        0 ms  AddExternalIncludDirectoriesToPaths      — wywołań:   1
        0 ms  GetReferenceAssemblyPaths                — wywołań:   1
        0 ms  GetFrameworkPaths                        — wywołań:   1
        0 ms  ResolveProjectReferences                 — wywołań:   1
        0 ms  BeforeResolveReferences                  — wywołań:   1
        0 ms  _PrepareForReferenceResolution           — wywołań:   1
        0 ms  _PrepareForBuild                         — wywołań:   1
        0 ms  Clean                                    — wywołań:   1
        0 ms  CppClean                                 — wywołań:   1
        0 ms  PGInstrumentedClean                      — wywołań:   1
        0 ms  AfterCppClean                            — wywołań:   1
        0 ms  BeforeCppClean                           — wywołań:   1
        0 ms  AfterClean                               — wywołań:   1
        0 ms  CleanPublishFolder                       — wywołań:   1
        0 ms  CleanReferencedProjects                  — wywołań:   1
        0 ms  PrepareProjectReferences                 — wywołań:   1
        0 ms  _AddOutputPathToGlobalPropertiesToRemove — wywołań:   1
        0 ms  _SplitProjectReferencesByFileExistence   — wywołań:   1
        0 ms  AssignProjectConfiguration               — wywołań:   1
        0 ms  CoreClean                                — wywołań:   1
        0 ms  BeforeClean                              — wywołań:   1
        0 ms  _PrepareForClean                         — wywołań:   1
        0 ms  BeforeRebuild                            — wywołań:   1
        0 ms  _PrepareForRebuild                       — wywołań:   1
        0 ms  SetTelemetryEnvironmentVariables         — wywołań:   1
        0 ms  _CheckWindowsSDKInstalled                — wywołań:   1
        0 ms  SetCABuildNativeEnvironmentVariables     — wywołań:   1
        0 ms  SetBuildDefaultEnvironmentVariables      — wywołań:   1
        0 ms  _WriteMasmTlogs                          — wywołań:   1
        0 ms  BeforeClCompile                          — wywołań:   1
        0 ms  BuildCompileTraverse                     — wywołań:   1
        0 ms  BuildGenerateSources                     — wywołań:   1
        0 ms  _BuildGenerateSourcesAction              — wywołań:   1
        0 ms  AfterBuildGenerateSourcesEvent           — wywołań:   1
        0 ms  AfterBuildGenerateSources                — wywołań:   1
        0 ms  _Midl                                    — wywołań:   1
        0 ms  AfterMidl                                — wywołań:   1
        0 ms  ComputeMIDLGeneratedCompileInputs        — wywołań:   1
        0 ms  MakeDirsForMidl                          — wywołań:   1
        0 ms  _Xsd                                     — wywołań:   1
        0 ms  CopyFileToFolders                        — wywołań:   1
        0 ms  CustomBuild                              — wywołań:   1
        0 ms  ComputeCustomBuildOutput                 — wywołań:   1
        0 ms  Rebuild                                  — wywołań:   1
        0 ms  SelectCustomBuild                        — wywołań:   1
        0 ms  ExpandSDKReferences                      — wywołań:   1
        0 ms  ResolveAssemblyReferences                — wywołań:   1
        0 ms  AfterResolveReferences                   — wywołań:   1
        0 ms  ResolveReferences                        — wywołań:   1
        0 ms  InitializeBuildStatus                    — wywołań:   1
        0 ms  BeforeBuildGenerateSources               — wywołań:   1
        0 ms  BuildGenerateSourcesTraverse             — wywołań:   1
        0 ms  _SelectedFiles                           — wywołań:   1
        0 ms  PreBuildEvent                            — wywołań:   1
        0 ms  ResolveSDKReferences                     — wywołań:   1
        1 ms  ContentFilesProjectOutputGroup           — wywołań:   1
        1 ms  GetCopyToOutputDirectoryItems            — wywołań:   1
        1 ms  RegisterOutput                           — wywołań:   1
        1 ms  SatelliteDllsProjectOutputGroup          — wywołań:   1
        1 ms  CreateRecipeFile                         — wywołań:   1
        2 ms  _CleanGetCurrentAndPriorFileWrites       — wywołań:   1
        2 ms  ComputeLinkImportLibraryOutputsForClean  — wywołań:   1
        2 ms  FinalizeBuildStatus                      — wywołań:   1
        3 ms  CoreCppClean                             — wywołań:   1
        4 ms  MakeDirsForLink                          — wywołań:   1
       10 ms  MakeDirsForResourceCompile               — wywołań:   1
       10 ms  _GetProjectReferenceTargetFrameworkProperties — wywołań:   1
       64 ms  PrepareForBuild                          — wywołań:   1
      320 ms  _MASM                                    — wywołań:   1
      715 ms  Link                                     — wywołań:   1

Podsumowanie wydajności zadania:
        0 ms  Message                                  — wywołań:   4
        0 ms  AssignCulture                            — wywołań:   1
        0 ms  AssignTargetPath                         — wywołań:   7
        0 ms  GetOutOfDateItems                        — wywołań:   3
        0 ms  CheckVCToolsetVersion                    — wywołań:   1
        0 ms  MSBuild                                  — wywołań:   1
        0 ms  AssignProjectConfiguration               — wywołań:   1
        0 ms  ConvertToAbsolutePath                    — wywołań:   1
        0 ms  RemoveDuplicates                         — wywołań:   3
        0 ms  FindUnderPath                            — wywołań:   7
        0 ms  SetEnv                                   — wywołań:   9
        1 ms  CallTarget                               — wywołań:   2
        1 ms  WriteLinesToFile                         — wywołań:   6
        1 ms  Touch                                    — wywołań:   2
        1 ms  ReadLinesFromFile                        — wywołań:   3
        1 ms  CreateItem                               — wywołań:   2
        1 ms  Delete                                   — wywołań:   5
        1 ms  GenerateDesktopDeployRecipe              — wywołań:   1
        3 ms  CppClean                                 — wywołań:   1
       64 ms  MakeDir                                  — wywołań:  12
       97 ms  MASM                                     — wywołań:   1
      714 ms  Link                                     — wywołań:   1
